<?xml version="1.0" encoding="UTF-8"?>
<testsuite xmlns:xsi="http://www.w3.org/2001/XMLSchema-instance" xsi:noNamespaceSchemaLocation="https://maven.apache.org/surefire/maven-surefire-plugin/xsd/surefire-test-report.xsd" version="3.0.2" name="com.ratelimiter.algorithm.TokenBucketAlgorithmTest" time="2.894" tests="5" errors="0" skipped="0" failures="0">
  <properties>
[...]
</properties>
  <testcase name="shouldNotAllowMoreTokensThanCapacity" classname="com.ratelimiter.algorithm.TokenBucketAlgorithmTest" time="0.463">
    <system-out><![CDATA[14:42:13.620 [main] INFO org.testcontainers.images.PullPolicy -- Image pull policy will be performed by: DefaultPullPolicy()
14:42:13.621 [main] INFO org.testcontainers.utility.ImageNameSubstitutor -- Image name substitution will be performed by: DefaultImageNameSubstitutor (composite of 'ConfigurationFileImageNameSubstitutor' and 'PrefixingImageNameSubstitutor')
14:42:13.634 [main] INFO org.testcontainers.DockerClientFactory -- Testcontainers version: 1.20.4
14:42:13.696 [main] INFO org.testcontainers.dockerclient.DockerClientProviderStrategy -- Loaded org.testcontainers.dockerclient.UnixSocketClientProviderStrategy from ~/.testcontainers.properties, will try it first
14:42:13.774 [main] INFO org.testcontainers.dockerclient.DockerClientProviderStrategy -- Found Docker environment with local Unix socket (unix:///var/run/docker.sock)
14:42:13.774 [main] INFO org.testcontainers.DockerClientFactory -- Docker host IP address is localhost
14:42:13.785 [main] INFO org.testcontainers.DockerClientFactory -- Connected to docker: 
  Server Version: 28.5.1
  API Version: 1.51
  Operating System: Docker Desktop
  Total Memory: 7837 MB
  Labels: 
    com.docker.desktop.address=unix:///Users/ahmadraza/Library/Containers/com.docker.docker/Data/docker-cli.sock
14:42:13.829 [main] INFO tc.testcontainers/ryuk:0.11.0 -- Creating container for image: testcontainers/ryuk:0.11.0
14:42:13.895 [main] INFO org.testcontainers.utility.RegistryAuthLocator -- Credential helper/store (docker-credential-desktop) does not have credentials for https://index.docker.io/v1/
14:42:13.952 [main] INFO tc.testcontainers/ryuk:0.11.0 -- Container testcontainers/ryuk:0.11.0 is starting: 94d7bdee81e57988248dcdfa4cc0c4e82fa9ca98ddf72a5d938e3499b563eecb
14:42:14.067 [main] INFO tc.testcontainers/ryuk:0.11.0 -- Container testcontainers/ryuk:0.11.0 started in PT0.238784S
14:42:14.070 [main] INFO org.testcontainers.utility.RyukResourceReaper -- Ryuk started - will monitor and terminate Testcontainers containers on JVM exit
14:42:14.070 [main] INFO org.testcontainers.DockerClientFactory -- Checking the system...
14:42:14.070 [main] INFO org.testcontainers.DockerClientFactory -- ✔︎ Docker server version should be at least 1.6.0
14:42:14.119 [main] INFO tc.redis:7-alpine -- Creating container for image: redis:7-alpine
14:42:14.140 [main] INFO tc.redis:7-alpine -- Container redis:7-alpine is starting: 5ae8f3d12b5b840bcfdd1de351e49c1f5b8cf6174ff416ffcba1737b0ba3fa78
14:42:14.276 [main] INFO tc.redis:7-alpine -- Container redis:7-alpine started in PT0.157343S

  .   ____          _            __ _ _
 /\\ / ___'_ __ _ _(_)_ __  __ _ \ \ \ \
( ( )\___ | '_ | '_| | '_ \/ _` | \ \ \ \
 \\/  ___)| |_)| | | | | || (_| |  ) ) ) )
  '  |____| .__|_| |_|_| |_\__, | / / / /
 =========|_|==============|___/=/_/_/_/

 :: Spring Boot ::                (v3.4.1)

2026-01-26 14:42:14 - Starting TokenBucketAlgorithmTest using Java 21.0.9 with PID 59568 (started by ahmadraza in /Users/ahmadraza/WorkDir/personal/rate_limiter)
2026-01-26 14:42:14 - Running with Spring Boot v3.4.1, Spring v6.2.1
2026-01-26 14:42:14 - No active profile set, falling back to 1 default profile: "default"
2026-01-26 14:42:14 - Token Bucket Lua script loaded successfully
2026-01-26 14:42:14 - Started TokenBucketAlgorithmTest in 0.346 seconds (process running for 1.233)
2026-01-26 14:42:15 - Rate limit check for key=test:user:5: allowed=false, remaining=10.0, latency=27421μs
]]></system-out>
    <system-err><![CDATA[Mockito is currently self-attaching to enable the inline-mock-maker. This will no longer work in future releases of the JDK. Please add Mockito as an agent to your build what is described in Mockito's documentation: https://javadoc.io/doc/org.mockito/mockito-core/latest/org/mockito/Mockito.html#0.3
WARNING: A Java agent has been loaded dynamically (/Users/ahmadraza/.m2/repository/net/bytebuddy/byte-buddy-agent/1.15.11/byte-buddy-agent-1.15.11.jar)
WARNING: If a serviceability tool is in use, please run with -XX:+EnableDynamicAgentLoading to hide this warning
WARNING: If a serviceability tool is not in use, please run with -Djdk.instrument.traceUsage for more information
WARNING: Dynamic loading of agents will be disallowed by default in a future release
]]></system-err>
  </testcase>
  <testcase name="shouldAllowRequestWithinLimit" classname="com.ratelimiter.algorithm.TokenBucketAlgorithmTest" time="0.005">
    <system-out><![CDATA[2026-01-26 14:42:15 - Rate limit check for key=test:user:1: allowed=true, remaining=9.0, latency=911μs
]]></system-out>
  </testcase>
  <testcase name="shouldDenyRequestExceedingLimit" classname="com.ratelimiter.algorithm.TokenBucketAlgorithmTest" time="0.011">
    <system-out><![CDATA[2026-01-26 14:42:15 - Rate limit check for key=test:user:2: allowed=true, remaining=9.0, latency=811μs
2026-01-26 14:42:15 - Rate limit check for key=test:user:2: allowed=true, remaining=8.0, latency=787μs
2026-01-26 14:42:15 - Rate limit check for key=test:user:2: allowed=true, remaining=7.0, latency=825μs
2026-01-26 14:42:15 - Rate limit check for key=test:user:2: allowed=true, remaining=6.0, latency=448μs
2026-01-26 14:42:15 - Rate limit check for key=test:user:2: allowed=true, remaining=5.0, latency=693μs
2026-01-26 14:42:15 - Rate limit check for key=test:user:2: allowed=true, remaining=4.0, latency=470μs
2026-01-26 14:42:15 - Rate limit check for key=test:user:2: allowed=true, remaining=3.0, latency=423μs
2026-01-26 14:42:15 - Rate limit check for key=test:user:2: allowed=true, remaining=2.0, latency=876μs
2026-01-26 14:42:15 - Rate limit check for key=test:user:2: allowed=true, remaining=1.0, latency=655μs
2026-01-26 14:42:15 - Rate limit check for key=test:user:2: allowed=true, remaining=0.0, latency=709μs
2026-01-26 14:42:15 - Rate limit check for key=test:user:2: allowed=false, remaining=0.0, latency=677μs
]]></system-out>
  </testcase>
  <testcase name="shouldHandleMultipleTokenRequests" classname="com.ratelimiter.algorithm.TokenBucketAlgorithmTest" time="0.002">
    <system-out><![CDATA[2026-01-26 14:42:15 - Rate limit check for key=test:user:4: allowed=true, remaining=5.0, latency=906μs
]]></system-out>
  </testcase>
  <testcase name="shouldRefillTokensOverTime" classname="com.ratelimiter.algorithm.TokenBucketAlgorithmTest" time="1.115">
    <system-out><![CDATA[2026-01-26 14:42:15 - Rate limit check for key=test:user:3: allowed=true, remaining=4.0, latency=747μs
2026-01-26 14:42:15 - Rate limit check for key=test:user:3: allowed=true, remaining=3.0, latency=657μs
2026-01-26 14:42:15 - Rate limit check for key=test:user:3: allowed=true, remaining=2.0, latency=532μs
2026-01-26 14:42:15 - Rate limit check for key=test:user:3: allowed=true, remaining=1.0, latency=425μs
2026-01-26 14:42:15 - Rate limit check for key=test:user:3: allowed=true, remaining=0.0, latency=376μs
2026-01-26 14:42:16 - Rate limit check for key=test:user:3: allowed=true, remaining=4.0, latency=3776μs
]]></system-out>
  </testcase>
</testsuite>